<?xml version="1.0" encoding="UTF-8"?>
<!-- Generated by org.testng.reporters.JUnitReportReporter -->
<testsuite skipped="0" hostname="Shreyanvi" name="com.Cucumber.Learning.SIKULIIII.DownloadFilePracticeUsingFireFox" tests="1" failures="0" timestamp="10 Jul 2022 14:40:48 GMT" time="8.274" errors="0">
  <testcase name="test" time="8.274" classname="com.Cucumber.Learning.SIKULIIII.DownloadFilePracticeUsingFireFox"/>
</testsuite> <!-- com.Cucumber.Learning.SIKULIIII.DownloadFilePracticeUsingFireFox -->
