<?xml version="1.0" encoding="UTF-8"?>
<!-- Generated by org.testng.reporters.JUnitReportReporter -->
<testsuite skipped="0" hostname="Shreyanvi" name="com.Cucumber.Learning.SIKULIIII.XYZPracticeDownload" tests="1" failures="0" timestamp="10 Jul 2022 14:35:50 GMT" time="4.997" errors="0">
  <testcase name="test" time="4.997" classname="com.Cucumber.Learning.SIKULIIII.XYZPracticeDownload"/>
</testsuite> <!-- com.Cucumber.Learning.SIKULIIII.XYZPracticeDownload -->
