<?xml version="1.0" encoding="UTF-8"?>
<!-- Generated by org.testng.reporters.JUnitReportReporter -->
<testsuite skipped="0" hostname="Shreyanvi" name="com.Cucumber.Learning.SIKULIIII.uploadDemo" tests="1" failures="0" timestamp="10 Jul 2022 13:02:23 GMT" time="20.601" errors="0">
  <testcase name="test" time="20.601" classname="com.Cucumber.Learning.SIKULIIII.uploadDemo"/>
</testsuite> <!-- com.Cucumber.Learning.SIKULIIII.uploadDemo -->
